C:\Users\gatesgao\.nuget\packages\runtime.win-x64.microsoft.dotnet.ilcompiler\8.0.8\sdk\bootstrapper.obj : warning LNK4003: 无效的库格式；已忽略库
Runtime.WorkstationGC.lib(thread.cpp.obj) : error LNK2038: 检测到“_ITERATOR_DEBUG_LEVEL”的不匹配项: 值“0”不匹配值“2”(ConsoleApplication1.obj 中)
Runtime.WorkstationGC.lib(thread.cpp.obj) : error LNK2038: 检测到“RuntimeLibrary”的不匹配项: 值“MT_StaticRelease”不匹配值“MDd_DynamicDebug”(ConsoleApplication1.obj 中)
Runtime.WorkstationGC.lib(threadstore.cpp.obj) : error LNK2038: 检测到“_ITERATOR_DEBUG_LEVEL”的不匹配项: 值“0”不匹配值“2”(ConsoleApplication1.obj 中)
Runtime.WorkstationGC.lib(threadstore.cpp.obj) : error LNK2038: 检测到“RuntimeLibrary”的不匹配项: 值“MT_StaticRelease”不匹配值“MDd_DynamicDebug”(ConsoleApplication1.obj 中)
Runtime.WorkstationGC.lib(EHHelpers.cpp.obj) : error LNK2038: 检测到“_ITERATOR_DEBUG_LEVEL”的不匹配项: 值“0”不匹配值“2”(ConsoleApplication1.obj 中)
Runtime.WorkstationGC.lib(EHHelpers.cpp.obj) : error LNK2038: 检测到“RuntimeLibrary”的不匹配项: 值“MT_StaticRelease”不匹配值“MDd_DynamicDebug”(ConsoleApplication1.obj 中)
Runtime.WorkstationGC.lib(MiscHelpers.cpp.obj) : error LNK2038: 检测到“_ITERATOR_DEBUG_LEVEL”的不匹配项: 值“0”不匹配值“2”(ConsoleApplication1.obj 中)
Runtime.WorkstationGC.lib(MiscHelpers.cpp.obj) : error LNK2038: 检测到“RuntimeLibrary”的不匹配项: 值“MT_StaticRelease”不匹配值“MDd_DynamicDebug”(ConsoleApplication1.obj 中)
Runtime.WorkstationGC.lib(RuntimeInstance.cpp.obj) : error LNK2038: 检测到“_ITERATOR_DEBUG_LEVEL”的不匹配项: 值“0”不匹配值“2”(ConsoleApplication1.obj 中)
Runtime.WorkstationGC.lib(RuntimeInstance.cpp.obj) : error LNK2038: 检测到“RuntimeLibrary”的不匹配项: 值“MT_StaticRelease”不匹配值“MDd_DynamicDebug”(ConsoleApplication1.obj 中)
Runtime.WorkstationGC.lib(GCMemoryHelpers.cpp.obj) : error LNK2038: 检测到“_ITERATOR_DEBUG_LEVEL”的不匹配项: 值“0”不匹配值“2”(ConsoleApplication1.obj 中)
Runtime.WorkstationGC.lib(GCMemoryHelpers.cpp.obj) : error LNK2038: 检测到“RuntimeLibrary”的不匹配项: 值“MT_StaticRelease”不匹配值“MDd_DynamicDebug”(ConsoleApplication1.obj 中)
Runtime.WorkstationGC.lib(HandleTableHelpers.cpp.obj) : error LNK2038: 检测到“_ITERATOR_DEBUG_LEVEL”的不匹配项: 值“0”不匹配值“2”(ConsoleApplication1.obj 中)
Runtime.WorkstationGC.lib(HandleTableHelpers.cpp.obj) : error LNK2038: 检测到“RuntimeLibrary”的不匹配项: 值“MT_StaticRelease”不匹配值“MDd_DynamicDebug”(ConsoleApplication1.obj 中)
Runtime.WorkstationGC.lib(GCHelpers.cpp.obj) : error LNK2038: 检测到“_ITERATOR_DEBUG_LEVEL”的不匹配项: 值“0”不匹配值“2”(ConsoleApplication1.obj 中)
Runtime.WorkstationGC.lib(GCHelpers.cpp.obj) : error LNK2038: 检测到“RuntimeLibrary”的不匹配项: 值“MT_StaticRelease”不匹配值“MDd_DynamicDebug”(ConsoleApplication1.obj 中)
Runtime.WorkstationGC.lib(startup.cpp.obj) : error LNK2038: 检测到“_ITERATOR_DEBUG_LEVEL”的不匹配项: 值“0”不匹配值“2”(ConsoleApplication1.obj 中)
Runtime.WorkstationGC.lib(startup.cpp.obj) : error LNK2038: 检测到“RuntimeLibrary”的不匹配项: 值“MT_StaticRelease”不匹配值“MDd_DynamicDebug”(ConsoleApplication1.obj 中)
Runtime.WorkstationGC.lib(CachedInterfaceDispatch.cpp.obj) : error LNK2038: 检测到“_ITERATOR_DEBUG_LEVEL”的不匹配项: 值“0”不匹配值“2”(ConsoleApplication1.obj 中)
Runtime.WorkstationGC.lib(CachedInterfaceDispatch.cpp.obj) : error LNK2038: 检测到“RuntimeLibrary”的不匹配项: 值“MT_StaticRelease”不匹配值“MDd_DynamicDebug”(ConsoleApplication1.obj 中)
Runtime.WorkstationGC.lib(FinalizerHelpers.cpp.obj) : error LNK2038: 检测到“_ITERATOR_DEBUG_LEVEL”的不匹配项: 值“0”不匹配值“2”(ConsoleApplication1.obj 中)
Runtime.WorkstationGC.lib(FinalizerHelpers.cpp.obj) : error LNK2038: 检测到“RuntimeLibrary”的不匹配项: 值“MT_StaticRelease”不匹配值“MDd_DynamicDebug”(ConsoleApplication1.obj 中)
Runtime.WorkstationGC.lib(StackFrameIterator.cpp.obj) : error LNK2038: 检测到“_ITERATOR_DEBUG_LEVEL”的不匹配项: 值“0”不匹配值“2”(ConsoleApplication1.obj 中)
Runtime.WorkstationGC.lib(StackFrameIterator.cpp.obj) : error LNK2038: 检测到“RuntimeLibrary”的不匹配项: 值“MT_StaticRelease”不匹配值“MDd_DynamicDebug”(ConsoleApplication1.obj 中)
Runtime.WorkstationGC.lib(ThunksMapping.cpp.obj) : error LNK2038: 检测到“_ITERATOR_DEBUG_LEVEL”的不匹配项: 值“0”不匹配值“2”(ConsoleApplication1.obj 中)
Runtime.WorkstationGC.lib(ThunksMapping.cpp.obj) : error LNK2038: 检测到“RuntimeLibrary”的不匹配项: 值“MT_StaticRelease”不匹配值“MDd_DynamicDebug”(ConsoleApplication1.obj 中)
Runtime.WorkstationGC.lib(MathHelpers.cpp.obj) : error LNK2038: 检测到“_ITERATOR_DEBUG_LEVEL”的不匹配项: 值“0”不匹配值“2”(ConsoleApplication1.obj 中)
Runtime.WorkstationGC.lib(MathHelpers.cpp.obj) : error LNK2038: 检测到“RuntimeLibrary”的不匹配项: 值“MT_StaticRelease”不匹配值“MDd_DynamicDebug”(ConsoleApplication1.obj 中)
Runtime.WorkstationGC.lib(gcrhenv.cpp.obj) : error LNK2038: 检测到“_ITERATOR_DEBUG_LEVEL”的不匹配项: 值“0”不匹配值“2”(ConsoleApplication1.obj 中)
Runtime.WorkstationGC.lib(gcrhenv.cpp.obj) : error LNK2038: 检测到“RuntimeLibrary”的不匹配项: 值“MT_StaticRelease”不匹配值“MDd_DynamicDebug”(ConsoleApplication1.obj 中)
Runtime.WorkstationGC.lib(gcheaputilities.cpp.obj) : error LNK2038: 检测到“_ITERATOR_DEBUG_LEVEL”的不匹配项: 值“0”不匹配值“2”(ConsoleApplication1.obj 中)
Runtime.WorkstationGC.lib(gcheaputilities.cpp.obj) : error LNK2038: 检测到“RuntimeLibrary”的不匹配项: 值“MT_StaticRelease”不匹配值“MDd_DynamicDebug”(ConsoleApplication1.obj 中)
Runtime.WorkstationGC.lib(PalRedhawkMinWin.cpp.obj) : error LNK2038: 检测到“_ITERATOR_DEBUG_LEVEL”的不匹配项: 值“0”不匹配值“2”(ConsoleApplication1.obj 中)
Runtime.WorkstationGC.lib(PalRedhawkMinWin.cpp.obj) : error LNK2038: 检测到“RuntimeLibrary”的不匹配项: 值“MT_StaticRelease”不匹配值“MDd_DynamicDebug”(ConsoleApplication1.obj 中)
Runtime.WorkstationGC.lib(PalRedhawkCommon.cpp.obj) : error LNK2038: 检测到“_ITERATOR_DEBUG_LEVEL”的不匹配项: 值“0”不匹配值“2”(ConsoleApplication1.obj 中)
Runtime.WorkstationGC.lib(PalRedhawkCommon.cpp.obj) : error LNK2038: 检测到“RuntimeLibrary”的不匹配项: 值“MT_StaticRelease”不匹配值“MDd_DynamicDebug”(ConsoleApplication1.obj 中)
Runtime.WorkstationGC.lib(stressLog.cpp.obj) : error LNK2038: 检测到“_ITERATOR_DEBUG_LEVEL”的不匹配项: 值“0”不匹配值“2”(ConsoleApplication1.obj 中)
Runtime.WorkstationGC.lib(stressLog.cpp.obj) : error LNK2038: 检测到“RuntimeLibrary”的不匹配项: 值“MT_StaticRelease”不匹配值“MDd_DynamicDebug”(ConsoleApplication1.obj 中)
Runtime.WorkstationGC.lib(Crst.cpp.obj) : error LNK2038: 检测到“_ITERATOR_DEBUG_LEVEL”的不匹配项: 值“0”不匹配值“2”(ConsoleApplication1.obj 中)
Runtime.WorkstationGC.lib(Crst.cpp.obj) : error LNK2038: 检测到“RuntimeLibrary”的不匹配项: 值“MT_StaticRelease”不匹配值“MDd_DynamicDebug”(ConsoleApplication1.obj 中)
Runtime.WorkstationGC.lib(TypeManager.cpp.obj) : error LNK2038: 检测到“_ITERATOR_DEBUG_LEVEL”的不匹配项: 值“0”不匹配值“2”(ConsoleApplication1.obj 中)
Runtime.WorkstationGC.lib(TypeManager.cpp.obj) : error LNK2038: 检测到“RuntimeLibrary”的不匹配项: 值“MT_StaticRelease”不匹配值“MDd_DynamicDebug”(ConsoleApplication1.obj 中)
Runtime.WorkstationGC.lib(ObjectLayout.cpp.obj) : error LNK2038: 检测到“_ITERATOR_DEBUG_LEVEL”的不匹配项: 值“0”不匹配值“2”(ConsoleApplication1.obj 中)
Runtime.WorkstationGC.lib(ObjectLayout.cpp.obj) : error LNK2038: 检测到“RuntimeLibrary”的不匹配项: 值“MT_StaticRelease”不匹配值“MDd_DynamicDebug”(ConsoleApplication1.obj 中)
Runtime.WorkstationGC.lib(RhConfig.cpp.obj) : error LNK2038: 检测到“_ITERATOR_DEBUG_LEVEL”的不匹配项: 值“0”不匹配值“2”(ConsoleApplication1.obj 中)
Runtime.WorkstationGC.lib(RhConfig.cpp.obj) : error LNK2038: 检测到“RuntimeLibrary”的不匹配项: 值“MT_StaticRelease”不匹配值“MDd_DynamicDebug”(ConsoleApplication1.obj 中)
Runtime.WorkstationGC.lib(yieldprocessornormalized.cpp.obj) : error LNK2038: 检测到“_ITERATOR_DEBUG_LEVEL”的不匹配项: 值“0”不匹配值“2”(ConsoleApplication1.obj 中)
Runtime.WorkstationGC.lib(yieldprocessornormalized.cpp.obj) : error LNK2038: 检测到“RuntimeLibrary”的不匹配项: 值“MT_StaticRelease”不匹配值“MDd_DynamicDebug”(ConsoleApplication1.obj 中)
Runtime.WorkstationGC.lib(objecthandle.cpp.obj) : error LNK2038: 检测到“_ITERATOR_DEBUG_LEVEL”的不匹配项: 值“0”不匹配值“2”(ConsoleApplication1.obj 中)
Runtime.WorkstationGC.lib(objecthandle.cpp.obj) : error LNK2038: 检测到“RuntimeLibrary”的不匹配项: 值“MT_StaticRelease”不匹配值“MDd_DynamicDebug”(ConsoleApplication1.obj 中)
Runtime.WorkstationGC.lib(RestrictedCallouts.cpp.obj) : error LNK2038: 检测到“_ITERATOR_DEBUG_LEVEL”的不匹配项: 值“0”不匹配值“2”(ConsoleApplication1.obj 中)
Runtime.WorkstationGC.lib(RestrictedCallouts.cpp.obj) : error LNK2038: 检测到“RuntimeLibrary”的不匹配项: 值“MT_StaticRelease”不匹配值“MDd_DynamicDebug”(ConsoleApplication1.obj 中)
Runtime.WorkstationGC.lib(DebugHeader.cpp.obj) : error LNK2038: 检测到“_ITERATOR_DEBUG_LEVEL”的不匹配项: 值“0”不匹配值“2”(ConsoleApplication1.obj 中)
Runtime.WorkstationGC.lib(DebugHeader.cpp.obj) : error LNK2038: 检测到“RuntimeLibrary”的不匹配项: 值“MT_StaticRelease”不匹配值“MDd_DynamicDebug”(ConsoleApplication1.obj 中)
Runtime.WorkstationGC.lib(allocheap.cpp.obj) : error LNK2038: 检测到“_ITERATOR_DEBUG_LEVEL”的不匹配项: 值“0”不匹配值“2”(ConsoleApplication1.obj 中)
Runtime.WorkstationGC.lib(allocheap.cpp.obj) : error LNK2038: 检测到“RuntimeLibrary”的不匹配项: 值“MT_StaticRelease”不匹配值“MDd_DynamicDebug”(ConsoleApplication1.obj 中)
Runtime.WorkstationGC.lib(event.cpp.obj) : error LNK2038: 检测到“_ITERATOR_DEBUG_LEVEL”的不匹配项: 值“0”不匹配值“2”(ConsoleApplication1.obj 中)
Runtime.WorkstationGC.lib(event.cpp.obj) : error LNK2038: 检测到“RuntimeLibrary”的不匹配项: 值“MT_StaticRelease”不匹配值“MDd_DynamicDebug”(ConsoleApplication1.obj 中)
Runtime.WorkstationGC.lib(SyncClean.cpp.obj) : error LNK2038: 检测到“_ITERATOR_DEBUG_LEVEL”的不匹配项: 值“0”不匹配值“2”(ConsoleApplication1.obj 中)
Runtime.WorkstationGC.lib(SyncClean.cpp.obj) : error LNK2038: 检测到“RuntimeLibrary”的不匹配项: 值“MT_StaticRelease”不匹配值“MDd_DynamicDebug”(ConsoleApplication1.obj 中)
Runtime.WorkstationGC.lib(gcrhscan.cpp.obj) : error LNK2038: 检测到“_ITERATOR_DEBUG_LEVEL”的不匹配项: 值“0”不匹配值“2”(ConsoleApplication1.obj 中)
Runtime.WorkstationGC.lib(gcrhscan.cpp.obj) : error LNK2038: 检测到“RuntimeLibrary”的不匹配项: 值“MT_StaticRelease”不匹配值“MDd_DynamicDebug”(ConsoleApplication1.obj 中)
Runtime.WorkstationGC.lib(gctoclreventsink.cpp.obj) : error LNK2038: 检测到“_ITERATOR_DEBUG_LEVEL”的不匹配项: 值“0”不匹配值“2”(ConsoleApplication1.obj 中)
Runtime.WorkstationGC.lib(gctoclreventsink.cpp.obj) : error LNK2038: 检测到“RuntimeLibrary”的不匹配项: 值“MT_StaticRelease”不匹配值“MDd_DynamicDebug”(ConsoleApplication1.obj 中)
Runtime.WorkstationGC.lib(gcload.cpp.obj) : error LNK2038: 检测到“_ITERATOR_DEBUG_LEVEL”的不匹配项: 值“0”不匹配值“2”(ConsoleApplication1.obj 中)
Runtime.WorkstationGC.lib(gcload.cpp.obj) : error LNK2038: 检测到“RuntimeLibrary”的不匹配项: 值“MT_StaticRelease”不匹配值“MDd_DynamicDebug”(ConsoleApplication1.obj 中)
Runtime.WorkstationGC.lib(gceventstatus.cpp.obj) : error LNK2038: 检测到“_ITERATOR_DEBUG_LEVEL”的不匹配项: 值“0”不匹配值“2”(ConsoleApplication1.obj 中)
Runtime.WorkstationGC.lib(gceventstatus.cpp.obj) : error LNK2038: 检测到“RuntimeLibrary”的不匹配项: 值“MT_StaticRelease”不匹配值“MDd_DynamicDebug”(ConsoleApplication1.obj 中)
Runtime.WorkstationGC.lib(gcenv.windows.cpp.obj) : error LNK2038: 检测到“_ITERATOR_DEBUG_LEVEL”的不匹配项: 值“0”不匹配值“2”(ConsoleApplication1.obj 中)
Runtime.WorkstationGC.lib(gcenv.windows.cpp.obj) : error LNK2038: 检测到“RuntimeLibrary”的不匹配项: 值“MT_StaticRelease”不匹配值“MDd_DynamicDebug”(ConsoleApplication1.obj 中)
Runtime.WorkstationGC.lib(gcconfig.cpp.obj) : error LNK2038: 检测到“_ITERATOR_DEBUG_LEVEL”的不匹配项: 值“0”不匹配值“2”(ConsoleApplication1.obj 中)
Runtime.WorkstationGC.lib(gcconfig.cpp.obj) : error LNK2038: 检测到“RuntimeLibrary”的不匹配项: 值“MT_StaticRelease”不匹配值“MDd_DynamicDebug”(ConsoleApplication1.obj 中)
Runtime.WorkstationGC.lib(handletable.cpp.obj) : error LNK2038: 检测到“_ITERATOR_DEBUG_LEVEL”的不匹配项: 值“0”不匹配值“2”(ConsoleApplication1.obj 中)
Runtime.WorkstationGC.lib(handletable.cpp.obj) : error LNK2038: 检测到“RuntimeLibrary”的不匹配项: 值“MT_StaticRelease”不匹配值“MDd_DynamicDebug”(ConsoleApplication1.obj 中)
Runtime.WorkstationGC.lib(gchandletable.cpp.obj) : error LNK2038: 检测到“_ITERATOR_DEBUG_LEVEL”的不匹配项: 值“0”不匹配值“2”(ConsoleApplication1.obj 中)
Runtime.WorkstationGC.lib(gchandletable.cpp.obj) : error LNK2038: 检测到“RuntimeLibrary”的不匹配项: 值“MT_StaticRelease”不匹配值“MDd_DynamicDebug”(ConsoleApplication1.obj 中)
Runtime.WorkstationGC.lib(handletablecore.cpp.obj) : error LNK2038: 检测到“_ITERATOR_DEBUG_LEVEL”的不匹配项: 值“0”不匹配值“2”(ConsoleApplication1.obj 中)
Runtime.WorkstationGC.lib(handletablecore.cpp.obj) : error LNK2038: 检测到“RuntimeLibrary”的不匹配项: 值“MT_StaticRelease”不匹配值“MDd_DynamicDebug”(ConsoleApplication1.obj 中)
Runtime.WorkstationGC.lib(gccommon.cpp.obj) : error LNK2038: 检测到“_ITERATOR_DEBUG_LEVEL”的不匹配项: 值“0”不匹配值“2”(ConsoleApplication1.obj 中)
Runtime.WorkstationGC.lib(gccommon.cpp.obj) : error LNK2038: 检测到“RuntimeLibrary”的不匹配项: 值“MT_StaticRelease”不匹配值“MDd_DynamicDebug”(ConsoleApplication1.obj 中)
Runtime.WorkstationGC.lib(gceewks.cpp.obj) : error LNK2038: 检测到“_ITERATOR_DEBUG_LEVEL”的不匹配项: 值“0”不匹配值“2”(ConsoleApplication1.obj 中)
Runtime.WorkstationGC.lib(gceewks.cpp.obj) : error LNK2038: 检测到“RuntimeLibrary”的不匹配项: 值“MT_StaticRelease”不匹配值“MDd_DynamicDebug”(ConsoleApplication1.obj 中)
Runtime.WorkstationGC.lib(gcwks.cpp.obj) : error LNK2038: 检测到“_ITERATOR_DEBUG_LEVEL”的不匹配项: 值“0”不匹配值“2”(ConsoleApplication1.obj 中)
Runtime.WorkstationGC.lib(gcwks.cpp.obj) : error LNK2038: 检测到“RuntimeLibrary”的不匹配项: 值“MT_StaticRelease”不匹配值“MDd_DynamicDebug”(ConsoleApplication1.obj 中)
Runtime.WorkstationGC.lib(handletablecache.cpp.obj) : error LNK2038: 检测到“_ITERATOR_DEBUG_LEVEL”的不匹配项: 值“0”不匹配值“2”(ConsoleApplication1.obj 中)
Runtime.WorkstationGC.lib(handletablecache.cpp.obj) : error LNK2038: 检测到“RuntimeLibrary”的不匹配项: 值“MT_StaticRelease”不匹配值“MDd_DynamicDebug”(ConsoleApplication1.obj 中)
Runtime.WorkstationGC.lib(handletablescan.cpp.obj) : error LNK2038: 检测到“_ITERATOR_DEBUG_LEVEL”的不匹配项: 值“0”不匹配值“2”(ConsoleApplication1.obj 中)
Runtime.WorkstationGC.lib(handletablescan.cpp.obj) : error LNK2038: 检测到“RuntimeLibrary”的不匹配项: 值“MT_StaticRelease”不匹配值“MDd_DynamicDebug”(ConsoleApplication1.obj 中)
Runtime.WorkstationGC.lib(gcscan.cpp.obj) : error LNK2038: 检测到“_ITERATOR_DEBUG_LEVEL”的不匹配项: 值“0”不匹配值“2”(ConsoleApplication1.obj 中)
Runtime.WorkstationGC.lib(gcscan.cpp.obj) : error LNK2038: 检测到“RuntimeLibrary”的不匹配项: 值“MT_StaticRelease”不匹配值“MDd_DynamicDebug”(ConsoleApplication1.obj 中)
Runtime.WorkstationGC.lib(MethodTable.cpp.obj) : error LNK2038: 检测到“_ITERATOR_DEBUG_LEVEL”的不匹配项: 值“0”不匹配值“2”(ConsoleApplication1.obj 中)
Runtime.WorkstationGC.lib(MethodTable.cpp.obj) : error LNK2038: 检测到“RuntimeLibrary”的不匹配项: 值“MT_StaticRelease”不匹配值“MDd_DynamicDebug”(ConsoleApplication1.obj 中)
Runtime.WorkstationGC.lib(softwarewritewatch.cpp.obj) : error LNK2038: 检测到“_ITERATOR_DEBUG_LEVEL”的不匹配项: 值“0”不匹配值“2”(ConsoleApplication1.obj 中)
Runtime.WorkstationGC.lib(softwarewritewatch.cpp.obj) : error LNK2038: 检测到“RuntimeLibrary”的不匹配项: 值“MT_StaticRelease”不匹配值“MDd_DynamicDebug”(ConsoleApplication1.obj 中)
Runtime.VxsortEnabled.lib(isa_detection.cpp.obj) : error LNK2038: 检测到“_ITERATOR_DEBUG_LEVEL”的不匹配项: 值“0”不匹配值“2”(ConsoleApplication1.obj 中)
Runtime.VxsortEnabled.lib(isa_detection.cpp.obj) : error LNK2038: 检测到“RuntimeLibrary”的不匹配项: 值“MT_StaticRelease”不匹配值“MDd_DynamicDebug”(ConsoleApplication1.obj 中)
Runtime.VxsortEnabled.lib(do_vxsort_avx2.cpp.obj) : error LNK2038: 检测到“_ITERATOR_DEBUG_LEVEL”的不匹配项: 值“0”不匹配值“2”(ConsoleApplication1.obj 中)
Runtime.VxsortEnabled.lib(do_vxsort_avx2.cpp.obj) : error LNK2038: 检测到“RuntimeLibrary”的不匹配项: 值“MT_StaticRelease”不匹配值“MDd_DynamicDebug”(ConsoleApplication1.obj 中)
Runtime.VxsortEnabled.lib(do_vxsort_avx512.cpp.obj) : error LNK2038: 检测到“_ITERATOR_DEBUG_LEVEL”的不匹配项: 值“0”不匹配值“2”(ConsoleApplication1.obj 中)
Runtime.VxsortEnabled.lib(do_vxsort_avx512.cpp.obj) : error LNK2038: 检测到“RuntimeLibrary”的不匹配项: 值“MT_StaticRelease”不匹配值“MDd_DynamicDebug”(ConsoleApplication1.obj 中)
Runtime.VxsortEnabled.lib(bitonic_sort.AVX2.int64_t.generated.cpp.obj) : error LNK2038: 检测到“_ITERATOR_DEBUG_LEVEL”的不匹配项: 值“0”不匹配值“2”(ConsoleApplication1.obj 中)
Runtime.VxsortEnabled.lib(bitonic_sort.AVX2.int64_t.generated.cpp.obj) : error LNK2038: 检测到“RuntimeLibrary”的不匹配项: 值“MT_StaticRelease”不匹配值“MDd_DynamicDebug”(ConsoleApplication1.obj 中)
Runtime.VxsortEnabled.lib(bitonic_sort.AVX2.int32_t.generated.cpp.obj) : error LNK2038: 检测到“_ITERATOR_DEBUG_LEVEL”的不匹配项: 值“0”不匹配值“2”(ConsoleApplication1.obj 中)
Runtime.VxsortEnabled.lib(bitonic_sort.AVX2.int32_t.generated.cpp.obj) : error LNK2038: 检测到“RuntimeLibrary”的不匹配项: 值“MT_StaticRelease”不匹配值“MDd_DynamicDebug”(ConsoleApplication1.obj 中)
Runtime.VxsortEnabled.lib(machine_traits.avx2.cpp.obj) : error LNK2038: 检测到“_ITERATOR_DEBUG_LEVEL”的不匹配项: 值“0”不匹配值“2”(ConsoleApplication1.obj 中)
Runtime.VxsortEnabled.lib(machine_traits.avx2.cpp.obj) : error LNK2038: 检测到“RuntimeLibrary”的不匹配项: 值“MT_StaticRelease”不匹配值“MDd_DynamicDebug”(ConsoleApplication1.obj 中)
Runtime.VxsortEnabled.lib(bitonic_sort.AVX512.int64_t.generated.cpp.obj) : error LNK2038: 检测到“_ITERATOR_DEBUG_LEVEL”的不匹配项: 值“0”不匹配值“2”(ConsoleApplication1.obj 中)
Runtime.VxsortEnabled.lib(bitonic_sort.AVX512.int64_t.generated.cpp.obj) : error LNK2038: 检测到“RuntimeLibrary”的不匹配项: 值“MT_StaticRelease”不匹配值“MDd_DynamicDebug”(ConsoleApplication1.obj 中)
Runtime.VxsortEnabled.lib(bitonic_sort.AVX512.int32_t.generated.cpp.obj) : error LNK2038: 检测到“_ITERATOR_DEBUG_LEVEL”的不匹配项: 值“0”不匹配值“2”(ConsoleApplication1.obj 中)
Runtime.VxsortEnabled.lib(bitonic_sort.AVX512.int32_t.generated.cpp.obj) : error LNK2038: 检测到“RuntimeLibrary”的不匹配项: 值“MT_StaticRelease”不匹配值“MDd_DynamicDebug”(ConsoleApplication1.obj 中)
Runtime.VxsortEnabled.lib(avx2_load_mask_tables.cpp.obj) : error LNK2038: 检测到“_ITERATOR_DEBUG_LEVEL”的不匹配项: 值“0”不匹配值“2”(ConsoleApplication1.obj 中)
Runtime.VxsortEnabled.lib(avx2_load_mask_tables.cpp.obj) : error LNK2038: 检测到“RuntimeLibrary”的不匹配项: 值“MT_StaticRelease”不匹配值“MDd_DynamicDebug”(ConsoleApplication1.obj 中)
LINK : warning LNK4098: 默认库“LIBCMT”与其他库的使用冲突；请使用 /NODEFAULTLIB:library
NativeLibrary.lib(NativeLibrary.obj) : error LNK2001: 无法解析的外部符号 BCryptGenRandom
NativeLibrary.lib(NativeLibrary.obj) : error LNK2001: 无法解析的外部符号 NativeRuntimeEventSource_LogExceptionThrown
Runtime.WorkstationGC.lib(startup.cpp.obj) : error LNK2019: 无法解析的外部符号 "void __cdecl EventPipe_Initialize(void)" (?EventPipe_Initialize@@YAXXZ)，函数 RhInitialize 中引用了该符号
Runtime.WorkstationGC.lib(startup.cpp.obj) : error LNK2019: 无法解析的外部符号 "bool __cdecl DiagnosticServer_Initialize(void)" (?DiagnosticServer_Initialize@@YA_NXZ)，函数 RhInitialize 中引用了该符号
Runtime.WorkstationGC.lib(startup.cpp.obj) : error LNK2019: 无法解析的外部符号 "void __cdecl DiagnosticServer_PauseForDiagnosticsMonitor(void)" (?DiagnosticServer_PauseForDiagnosticsMonitor@@YAXXZ)，函数 RhInitialize 中引用了该符号
Runtime.WorkstationGC.lib(startup.cpp.obj) : error LNK2019: 无法解析的外部符号 "void __cdecl EventPipe_FinishInitialize(void)" (?EventPipe_FinishInitialize@@YAXXZ)，函数 RhInitialize 中引用了该符号
Runtime.WorkstationGC.lib(startup.cpp.obj) : error LNK2019: 无法解析的外部符号 "void __cdecl EventPipe_ThreadShutdown(void)" (?EventPipe_ThreadShutdown@@YAXXZ)，函数 "void __cdecl RuntimeThreadShutdown(void *)" (?RuntimeThreadShutdown@@YAXPEAX@Z) 中引用了该符号
Runtime.WorkstationGC.lib(startup.cpp.obj) : error LNK2019: 无法解析的外部符号 "void __cdecl EventPipe_Shutdown(void)" (?EventPipe_Shutdown@@YAXXZ)，函数 "void __cdecl OnProcessExit(void)" (?OnProcessExit@@YAXXZ) 中引用了该符号
Runtime.WorkstationGC.lib(startup.cpp.obj) : error LNK2019: 无法解析的外部符号 "bool __cdecl DiagnosticServer_Shutdown(void)" (?DiagnosticServer_Shutdown@@YA_NXZ)，函数 "void __cdecl OnProcessExit(void)" (?OnProcessExit@@YAXXZ) 中引用了该符号
Runtime.WorkstationGC.lib(startup.cpp.obj) : error LNK2019: 无法解析的外部符号 "void __cdecl EventTracing_Initialize(void)" (?EventTracing_Initialize@@YAXXZ)，函数 RhInitialize 中引用了该符号
Runtime.WorkstationGC.lib(FinalizerHelpers.cpp.obj) : error LNK2019: 无法解析的外部符号 "unsigned int __cdecl FireEtwGCFinalizersBegin_V1(unsigned short,struct _GUID const *,struct _GUID const *)" (?FireEtwGCFinalizersBegin_V1@@YAIGPEBU_GUID@@0@Z)，函数 RhpWaitForFinalizerRequest 中引用了该符号
Runtime.WorkstationGC.lib(FinalizerHelpers.cpp.obj) : error LNK2019: 无法解析的外部符号 "unsigned int __cdecl FireEtwGCFinalizersEnd_V1(unsigned int,unsigned short,struct _GUID const *,struct _GUID const *)" (?FireEtwGCFinalizersEnd_V1@@YAIIGPEBU_GUID@@0@Z)，函数 RhpSignalFinalizationComplete 中引用了该符号
Runtime.WorkstationGC.lib(gcrhenv.cpp.obj) : error LNK2019: 无法解析的外部符号 "unsigned int __cdecl FireEtwGCRestartEEEnd_V1(unsigned short,struct _GUID const *,struct _GUID const *)" (?FireEtwGCRestartEEEnd_V1@@YAIGPEBU_GUID@@0@Z)，函数 "public: static void __cdecl GCToEEInterface::RestartEE(bool)" (?RestartEE@GCToEEInterface@@SAX_N@Z) 中引用了该符号
Runtime.WorkstationGC.lib(gcrhenv.cpp.obj) : error LNK2019: 无法解析的外部符号 "unsigned int __cdecl FireEtwGCRestartEEBegin_V1(unsigned short,struct _GUID const *,struct _GUID const *)" (?FireEtwGCRestartEEBegin_V1@@YAIGPEBU_GUID@@0@Z)，函数 "public: static void __cdecl GCToEEInterface::RestartEE(bool)" (?RestartEE@GCToEEInterface@@SAX_N@Z) 中引用了该符号
Runtime.WorkstationGC.lib(gcrhenv.cpp.obj) : error LNK2019: 无法解析的外部符号 "unsigned int __cdecl FireEtwGCSuspendEEEnd_V1(unsigned short,struct _GUID const *,struct _GUID const *)" (?FireEtwGCSuspendEEEnd_V1@@YAIGPEBU_GUID@@0@Z)，函数 "public: static void __cdecl GCToEEInterface::SuspendEE(enum SUSPEND_REASON)" (?SuspendEE@GCToEEInterface@@SAXW4SUSPEND_REASON@@@Z) 中引用了该符号
Runtime.WorkstationGC.lib(gcrhenv.cpp.obj) : error LNK2019: 无法解析的外部符号 "unsigned int __cdecl FireEtwGCSuspendEEBegin_V1(unsigned int,unsigned int,unsigned short,struct _GUID const *,struct _GUID const *)" (?FireEtwGCSuspendEEBegin_V1@@YAIIIGPEBU_GUID@@0@Z)，函数 "public: static void __cdecl GCToEEInterface::SuspendEE(enum SUSPEND_REASON)" (?SuspendEE@GCToEEInterface@@SAXW4SUSPEND_REASON@@@Z) 中引用了该符号
Runtime.WorkstationGC.lib(gcrhenv.cpp.obj) : error LNK2019: 无法解析的外部符号 "public: static int __cdecl ETW::GCLog::ShouldTrackMovementForEtw(void)" (?ShouldTrackMovementForEtw@GCLog@ETW@@SAHXZ)，函数 "public: static void __cdecl GCToEEInterface::DiagWalkBGCSurvivors(void *)" (?DiagWalkBGCSurvivors@GCToEEInterface@@SAXPEAX@Z) 中引用了该符号
Runtime.WorkstationGC.lib(gcrhenv.cpp.obj) : error LNK2019: 无法解析的外部符号 "public: static void __cdecl ETW::GCLog::BeginMovedReferences(unsigned __int64 *)" (?BeginMovedReferences@GCLog@ETW@@SAXPEA_K@Z)，函数 "public: static void __cdecl GCToEEInterface::DiagWalkBGCSurvivors(void *)" (?DiagWalkBGCSurvivors@GCToEEInterface@@SAXPEAX@Z) 中引用了该符号
Runtime.WorkstationGC.lib(gcrhenv.cpp.obj) : error LNK2019: 无法解析的外部符号 "public: static void __cdecl ETW::GCLog::EndMovedReferences(unsigned __int64,int)" (?EndMovedReferences@GCLog@ETW@@SAX_KH@Z)，函数 "public: static void __cdecl GCToEEInterface::DiagWalkBGCSurvivors(void *)" (?DiagWalkBGCSurvivors@GCToEEInterface@@SAXPEAX@Z) 中引用了该符号
Runtime.WorkstationGC.lib(gcrhenv.cpp.obj) : error LNK2019: 无法解析的外部符号 "public: static void __cdecl ETW::GCLog::WalkHeap(void)" (?WalkHeap@GCLog@ETW@@SAXXZ)，函数 "public: static void __cdecl GCToEEInterface::DiagGCEnd(unsigned __int64,int,int,bool)" (?DiagGCEnd@GCToEEInterface@@SAX_KHH_N@Z) 中引用了该符号
Runtime.WorkstationGC.lib(gctoclreventsink.cpp.obj) : error LNK2019: 无法解析的外部符号 "unsigned int __cdecl FireEtwDestroyGCHandle(void *,unsigned short,struct _GUID const *,struct _GUID const *)" (?FireEtwDestroyGCHandle@@YAIPEAXGPEBU_GUID@@1@Z)，函数 "public: virtual void __cdecl GCToCLREventSink::FireDestroyGCHandle(void *)" (?FireDestroyGCHandle@GCToCLREventSink@@UEAAXPEAX@Z) 中引用了该符号
Runtime.WorkstationGC.lib(gctoclreventsink.cpp.obj) : error LNK2019: 无法解析的外部符号 "unsigned int __cdecl FireEtwGCCreateConcurrentThread_V1(unsigned short,struct _GUID const *,struct _GUID const *)" (?FireEtwGCCreateConcurrentThread_V1@@YAIGPEBU_GUID@@0@Z)，函数 "public: virtual void __cdecl GCToCLREventSink::FireGCCreateConcurrentThread_V1(void)" (?FireGCCreateConcurrentThread_V1@GCToCLREventSink@@UEAAXXZ) 中引用了该符号
Runtime.WorkstationGC.lib(gctoclreventsink.cpp.obj) : error LNK2019: 无法解析的外部符号 "unsigned int __cdecl FireEtwGCCreateSegment_V1(unsigned __int64,unsigned __int64,unsigned int,unsigned short,struct _GUID const *,struct _GUID const *)" (?FireEtwGCCreateSegment_V1@@YAI_K0IGPEBU_GUID@@1@Z)，函数 "public: virtual void __cdecl GCToCLREventSink::FireGCCreateSegment_V1(void *,unsigned __int64,unsigned int)" (?FireGCCreateSegment_V1@GCToCLREventSink@@UEAAXPEAX_KI@Z) 中引用了该符号
Runtime.WorkstationGC.lib(gctoclreventsink.cpp.obj) : error LNK2019: 无法解析的外部符号 "unsigned int __cdecl FireEtwGCEnd_V1(unsigned int,unsigned int,unsigned short,struct _GUID const *,struct _GUID const *)" (?FireEtwGCEnd_V1@@YAIIIGPEBU_GUID@@0@Z)，函数 "public: virtual void __cdecl GCToCLREventSink::FireGCEnd_V1(unsigned int,unsigned int)" (?FireGCEnd_V1@GCToCLREventSink@@UEAAXII@Z) 中引用了该符号
Runtime.WorkstationGC.lib(gctoclreventsink.cpp.obj) : error LNK2019: 无法解析的外部符号 "unsigned int __cdecl FireEtwGCFreeSegment_V1(unsigned __int64,unsigned short,struct _GUID const *,struct _GUID const *)" (?FireEtwGCFreeSegment_V1@@YAI_KGPEBU_GUID@@1@Z)，函数 "public: virtual void __cdecl GCToCLREventSink::FireGCFreeSegment_V1(void *)" (?FireGCFreeSegment_V1@GCToCLREventSink@@UEAAXPEAX@Z) 中引用了该符号
Runtime.WorkstationGC.lib(gctoclreventsink.cpp.obj) : error LNK2019: 无法解析的外部符号 "unsigned int __cdecl FireEtwGCGenerationRange(unsigned char,void *,unsigned __int64,unsigned __int64,unsigned short,struct _GUID const *,struct _GUID const *)" (?FireEtwGCGenerationRange@@YAIEPEAX_K1GPEBU_GUID@@2@Z)，函数 "public: virtual void __cdecl GCToCLREventSink::FireGCGenerationRange(unsigned char,void *,unsigned __int64,unsigned __int64)" (?FireGCGenerationRange@GCToCLREventSink@@UEAAXEPEAX_K1@Z) 中引用了该符号
Runtime.WorkstationGC.lib(gctoclreventsink.cpp.obj) : error LNK2019: 无法解析的外部符号 "unsigned int __cdecl FireEtwGCJoin_V2(unsigned int,unsigned int,unsigned int,unsigned short,unsigned int,struct _GUID const *,struct _GUID const *)" (?FireEtwGCJoin_V2@@YAIIIIGIPEBU_GUID@@0@Z)，函数 "public: virtual void __cdecl GCToCLREventSink::FireGCJoin_V2(unsigned int,unsigned int,unsigned int,unsigned int)" (?FireGCJoin_V2@GCToCLREventSink@@UEAAXIIII@Z) 中引用了该符号
Runtime.WorkstationGC.lib(gctoclreventsink.cpp.obj) : error LNK2019: 无法解析的外部符号 "unsigned int __cdecl FireEtwGCMarkWithType(unsigned int,unsigned short,unsigned int,unsigned __int64,struct _GUID const *,struct _GUID const *)" (?FireEtwGCMarkWithType@@YAIIGI_KPEBU_GUID@@1@Z)，函数 "public: virtual void __cdecl GCToCLREventSink::FireGCMarkWithType(unsigned int,unsigned int,unsigned __int64)" (?FireGCMarkWithType@GCToCLREventSink@@UEAAXII_K@Z) 中引用了该符号
Runtime.WorkstationGC.lib(gctoclreventsink.cpp.obj) : error LNK2019: 无法解析的外部符号 "unsigned int __cdecl FireEtwGCPerHeapHistory_V3(unsigned short,void *,void *,void *,void *,void *,void *,unsigned int,unsigned int,unsigned int,unsigned int,unsigned int,unsigned int,void *,unsigned int,int,void *,struct _GUID const *,struct _GUID const *)" (?FireEtwGCPerHeapHistory_V3@@YAIGPEAX00000IIIIII0IH0PEBU_GUID@@1@Z)，函数 "public: virtual void __cdecl GCToCLREventSink::FireGCPerHeapHistory_V3(void *,void *,void *,void *,void *,void *,unsigned int,unsigned int,unsigned int,unsigned int,unsigned int,unsigned int,void *,unsigned int,unsigned int,void *)" (?FireGCPerHeapHistory_V3@GCToCLREventSink@@UEAAXPEAX00000IIIIII0II0@Z) 中引用了该符号
Runtime.WorkstationGC.lib(gctoclreventsink.cpp.obj) : error LNK2019: 无法解析的外部符号 "unsigned int __cdecl FireEtwGCTerminateConcurrentThread_V1(unsigned short,struct _GUID const *,struct _GUID const *)" (?FireEtwGCTerminateConcurrentThread_V1@@YAIGPEBU_GUID@@0@Z)，函数 "public: virtual void __cdecl GCToCLREventSink::FireGCTerminateConcurrentThread_V1(void)" (?FireGCTerminateConcurrentThread_V1@GCToCLREventSink@@UEAAXXZ) 中引用了该符号
Runtime.WorkstationGC.lib(gctoclreventsink.cpp.obj) : error LNK2019: 无法解析的外部符号 "unsigned int __cdecl FireEtwGCTriggered(unsigned int,unsigned short,struct _GUID const *,struct _GUID const *)" (?FireEtwGCTriggered@@YAIIGPEBU_GUID@@0@Z)，函数 "public: virtual void __cdecl GCToCLREventSink::FireGCTriggered(unsigned int)" (?FireGCTriggered@GCToCLREventSink@@UEAAXI@Z) 中引用了该符号
Runtime.WorkstationGC.lib(gctoclreventsink.cpp.obj) : error LNK2019: 无法解析的外部符号 "unsigned int __cdecl FireEtwSetGCHandle(void *,void *,unsigned int,unsigned int,unsigned __int64,unsigned short,struct _GUID const *,struct _GUID const *)" (?FireEtwSetGCHandle@@YAIPEAX0II_KGPEBU_GUID@@2@Z)，函数 "public: virtual void __cdecl GCToCLREventSink::FireSetGCHandle(void *,void *,unsigned int,unsigned int)" (?FireSetGCHandle@GCToCLREventSink@@UEAAXPEAX0II@Z) 中引用了该符号
Runtime.WorkstationGC.lib(gctoclreventsink.cpp.obj) : error LNK2019: 无法解析的外部符号 "unsigned int __cdecl FireEtwGCAllocationTick_V4(unsigned int,unsigned int,unsigned short,unsigned __int64,void const *,wchar_t const *,unsigned int,void const *,unsigned __int64,struct _GUID const *,struct _GUID const *)" (?FireEtwGCAllocationTick_V4@@YAIIIG_KPEBXPEB_WI10PEBU_GUID@@3@Z)，函数 "public: virtual void __cdecl GCToCLREventSink::FireGCAllocationTick_V4(unsigned __int64,unsigned int,unsigned int,void *,unsigned __int64)" (?FireGCAllocationTick_V4@GCToCLREventSink@@UEAAX_KIIPEAX0@Z) 中引用了该符号
Runtime.WorkstationGC.lib(gctoclreventsink.cpp.obj) : error LNK2019: 无法解析的外部符号 "unsigned int __cdecl FireEtwGCHeapStats_V2(unsigned __int64,unsigned __int64,unsigned __int64,unsigned __int64,unsigned __int64,unsigned __int64,unsigned __int64,unsigned __int64,unsigned __int64,unsigned __int64,unsigned int,unsigned int,unsigned int,unsigned short,unsigned __int64,unsigned __int64,struct _GUID const *,struct _GUID const *)" (?FireEtwGCHeapStats_V2@@YAI_K000000000IIIG00PEBU_GUID@@1@Z)，函数 "public: virtual void __cdecl GCToCLREventSink::FireGCHeapStats_V2(unsigned __int64,unsigned __int64,unsigned __int64,unsigned __int64,unsigned __int64,unsigned __int64,unsigned __int64,unsigned __int64,unsigned __int64,unsigned __int64,unsigned __int64,unsigned __int64,unsigned int,unsigned int,unsigned int)" (?FireGCHeapStats_V2@GCToCLREventSink@@UEAAX_K00000000000III@Z) 中引用了该符号
Runtime.WorkstationGC.lib(gctoclreventsink.cpp.obj) : error LNK2019: 无法解析的外部符号 "unsigned int __cdecl FireEtwPinObjectAtGCTime(void const *,void const *,unsigned __int64,wchar_t const *,unsigned short,struct _GUID const *,struct _GUID const *)" (?FireEtwPinObjectAtGCTime@@YAIPEBX0_KPEB_WGPEBU_GUID@@3@Z)，函数 "public: virtual void __cdecl GCToCLREventSink::FirePinObjectAtGCTime(void *,unsigned char * *)" (?FirePinObjectAtGCTime@GCToCLREventSink@@UEAAXPEAXPEAPEAE@Z) 中引用了该符号
Runtime.WorkstationGC.lib(gctoclreventsink.cpp.obj) : error LNK2019: 无法解析的外部符号 "unsigned int __cdecl FireEtwGCGlobalHeapHistory_V4(unsigned __int64,int,unsigned int,unsigned int,unsigned int,unsigned int,unsigned short,unsigned int,unsigned int,unsigned int,unsigned int,unsigned int,int,void const *,struct _GUID const *,struct _GUID const *)" (?FireEtwGCGlobalHeapHistory_V4@@YAI_KHIIIIGIIIIIHPEBXPEBU_GUID@@2@Z)，函数 "public: virtual void __cdecl GCToCLREventSink::FireGCGlobalHeapHistory_V4(unsigned __int64,int,unsigned int,unsigned int,unsigned int,unsigned int,unsigned int,unsigned int,unsigned int,unsigned int,unsigned int,unsigned int,void *)" (?FireGCGlobalHeapHistory_V4@GCToCLREventSink@@UEAAX_KHIIIIIIIIIIPEAX@Z) 中引用了该符号
Runtime.WorkstationGC.lib(gctoclreventsink.cpp.obj) : error LNK2019: 无法解析的外部符号 "unsigned int __cdecl FireEtwGCLOHCompact(unsigned short,unsigned short,int,void const *,struct _GUID const *,struct _GUID const *)" (?FireEtwGCLOHCompact@@YAIGGHPEBXPEBU_GUID@@1@Z)，函数 "public: virtual void __cdecl GCToCLREventSink::FireGCLOHCompact(unsigned short,unsigned int,void *)" (?FireGCLOHCompact@GCToCLREventSink@@UEAAXGIPEAX@Z) 中引用了该符号
Runtime.WorkstationGC.lib(gctoclreventsink.cpp.obj) : error LNK2019: 无法解析的外部符号 "unsigned int __cdecl FireEtwGCFitBucketInfo(unsigned short,unsigned short,unsigned __int64,unsigned short,int,void const *,struct _GUID const *,struct _GUID const *)" (?FireEtwGCFitBucketInfo@@YAIGG_KGHPEBXPEBU_GUID@@2@Z)，函数 "public: virtual void __cdecl GCToCLREventSink::FireGCFitBucketInfo(unsigned short,unsigned __int64,unsigned short,unsigned int,void *)" (?FireGCFitBucketInfo@GCToCLREventSink@@UEAAXG_KGIPEAX@Z) 中引用了该符号
Runtime.WorkstationGC.lib(gctoclreventsink.cpp.obj) : error LNK2019: 无法解析的外部符号 "unsigned int __cdecl FireEtwPinPlugAtGCTime(void const *,void const *,void const *,unsigned short,struct _GUID const *,struct _GUID const *)" (?FireEtwPinPlugAtGCTime@@YAIPEBX00GPEBU_GUID@@1@Z)，函数 "public: virtual void __cdecl GCToCLREventSink::FirePinPlugAtGCTime(unsigned char *,unsigned char *,unsigned char *)" (?FirePinPlugAtGCTime@GCToCLREventSink@@UEAAXPEAE00@Z) 中引用了该符号
Runtime.WorkstationGC.lib(gctoclreventsink.cpp.obj) : error LNK2019: 无法解析的外部符号 "unsigned int __cdecl FireEtwBGCBegin(unsigned short,struct _GUID const *,struct _GUID const *)" (?FireEtwBGCBegin@@YAIGPEBU_GUID@@0@Z)，函数 "public: virtual void __cdecl GCToCLREventSink::FireBGCBegin(void)" (?FireBGCBegin@GCToCLREventSink@@UEAAXXZ) 中引用了该符号
Runtime.WorkstationGC.lib(gctoclreventsink.cpp.obj) : error LNK2019: 无法解析的外部符号 "unsigned int __cdecl FireEtwBGC1stNonConEnd(unsigned short,struct _GUID const *,struct _GUID const *)" (?FireEtwBGC1stNonConEnd@@YAIGPEBU_GUID@@0@Z)，函数 "public: virtual void __cdecl GCToCLREventSink::FireBGC1stNonConEnd(void)" (?FireBGC1stNonConEnd@GCToCLREventSink@@UEAAXXZ) 中引用了该符号
Runtime.WorkstationGC.lib(gctoclreventsink.cpp.obj) : error LNK2019: 无法解析的外部符号 "unsigned int __cdecl FireEtwBGC1stConEnd(unsigned short,struct _GUID const *,struct _GUID const *)" (?FireEtwBGC1stConEnd@@YAIGPEBU_GUID@@0@Z)，函数 "public: virtual void __cdecl GCToCLREventSink::FireBGC1stConEnd(void)" (?FireBGC1stConEnd@GCToCLREventSink@@UEAAXXZ) 中引用了该符号
Runtime.WorkstationGC.lib(gctoclreventsink.cpp.obj) : error LNK2019: 无法解析的外部符号 "unsigned int __cdecl FireEtwBGC2ndNonConBegin(unsigned short,struct _GUID const *,struct _GUID const *)" (?FireEtwBGC2ndNonConBegin@@YAIGPEBU_GUID@@0@Z)，函数 "public: virtual void __cdecl GCToCLREventSink::FireBGC2ndNonConBegin(void)" (?FireBGC2ndNonConBegin@GCToCLREventSink@@UEAAXXZ) 中引用了该符号
Runtime.WorkstationGC.lib(gctoclreventsink.cpp.obj) : error LNK2019: 无法解析的外部符号 "unsigned int __cdecl FireEtwBGC2ndNonConEnd(unsigned short,struct _GUID const *,struct _GUID const *)" (?FireEtwBGC2ndNonConEnd@@YAIGPEBU_GUID@@0@Z)，函数 "public: virtual void __cdecl GCToCLREventSink::FireBGC2ndNonConEnd(void)" (?FireBGC2ndNonConEnd@GCToCLREventSink@@UEAAXXZ) 中引用了该符号
Runtime.WorkstationGC.lib(gctoclreventsink.cpp.obj) : error LNK2019: 无法解析的外部符号 "unsigned int __cdecl FireEtwBGC2ndConBegin(unsigned short,struct _GUID const *,struct _GUID const *)" (?FireEtwBGC2ndConBegin@@YAIGPEBU_GUID@@0@Z)，函数 "public: virtual void __cdecl GCToCLREventSink::FireBGC2ndConBegin(void)" (?FireBGC2ndConBegin@GCToCLREventSink@@UEAAXXZ) 中引用了该符号
Runtime.WorkstationGC.lib(gctoclreventsink.cpp.obj) : error LNK2019: 无法解析的外部符号 "unsigned int __cdecl FireEtwBGC2ndConEnd(unsigned short,struct _GUID const *,struct _GUID const *)" (?FireEtwBGC2ndConEnd@@YAIGPEBU_GUID@@0@Z)，函数 "public: virtual void __cdecl GCToCLREventSink::FireBGC2ndConEnd(void)" (?FireBGC2ndConEnd@GCToCLREventSink@@UEAAXXZ) 中引用了该符号
Runtime.WorkstationGC.lib(gctoclreventsink.cpp.obj) : error LNK2019: 无法解析的外部符号 "unsigned int __cdecl FireEtwBGCDrainMark(unsigned __int64,unsigned short,struct _GUID const *,struct _GUID const *)" (?FireEtwBGCDrainMark@@YAI_KGPEBU_GUID@@1@Z)，函数 "public: virtual void __cdecl GCToCLREventSink::FireBGCDrainMark(unsigned __int64)" (?FireBGCDrainMark@GCToCLREventSink@@UEAAX_K@Z) 中引用了该符号
Runtime.WorkstationGC.lib(gctoclreventsink.cpp.obj) : error LNK2019: 无法解析的外部符号 "unsigned int __cdecl FireEtwBGCRevisit(unsigned __int64,unsigned __int64,unsigned int,unsigned short,struct _GUID const *,struct _GUID const *)" (?FireEtwBGCRevisit@@YAI_K0IGPEBU_GUID@@1@Z)，函数 "public: virtual void __cdecl GCToCLREventSink::FireBGCRevisit(unsigned __int64,unsigned __int64,unsigned int)" (?FireBGCRevisit@GCToCLREventSink@@UEAAX_K0I@Z) 中引用了该符号
Runtime.WorkstationGC.lib(gctoclreventsink.cpp.obj) : error LNK2019: 无法解析的外部符号 "unsigned int __cdecl FireEtwBGCOverflow(unsigned __int64,unsigned __int64,unsigned __int64,unsigned int,unsigned short,struct _GUID const *,struct _GUID const *)" (?FireEtwBGCOverflow@@YAI_K00IGPEBU_GUID@@1@Z)，函数 "public: virtual void __cdecl GCToCLREventSink::FireBGCOverflow_V1(unsigned __int64,unsigned __int64,unsigned __int64,unsigned int,unsigned int)" (?FireBGCOverflow_V1@GCToCLREventSink@@UEAAX_K00II@Z) 中引用了该符号
Runtime.WorkstationGC.lib(gctoclreventsink.cpp.obj) : error LNK2019: 无法解析的外部符号 "unsigned int __cdecl FireEtwBGCAllocWaitBegin(unsigned int,unsigned short,struct _GUID const *,struct _GUID const *)" (?FireEtwBGCAllocWaitBegin@@YAIIGPEBU_GUID@@0@Z)，函数 "public: virtual void __cdecl GCToCLREventSink::FireBGCAllocWaitBegin(unsigned int)" (?FireBGCAllocWaitBegin@GCToCLREventSink@@UEAAXI@Z) 中引用了该符号
Runtime.WorkstationGC.lib(gctoclreventsink.cpp.obj) : error LNK2019: 无法解析的外部符号 "unsigned int __cdecl FireEtwBGCAllocWaitEnd(unsigned int,unsigned short,struct _GUID const *,struct _GUID const *)" (?FireEtwBGCAllocWaitEnd@@YAIIGPEBU_GUID@@0@Z)，函数 "public: virtual void __cdecl GCToCLREventSink::FireBGCAllocWaitEnd(unsigned int)" (?FireBGCAllocWaitEnd@GCToCLREventSink@@UEAAXI@Z) 中引用了该符号
Runtime.WorkstationGC.lib(gctoclreventsink.cpp.obj) : error LNK2019: 无法解析的外部符号 "unsigned int __cdecl FireEtwGCFullNotify_V1(unsigned int,unsigned int,unsigned short,struct _GUID const *,struct _GUID const *)" (?FireEtwGCFullNotify_V1@@YAIIIGPEBU_GUID@@0@Z)，函数 "public: virtual void __cdecl GCToCLREventSink::FireGCFullNotify_V1(unsigned int,unsigned int)" (?FireGCFullNotify_V1@GCToCLREventSink@@UEAAXII@Z) 中引用了该符号
Runtime.WorkstationGC.lib(gctoclreventsink.cpp.obj) : error LNK2019: 无法解析的外部符号 "unsigned int __cdecl FireEtwPrvSetGCHandle(void const *,void const *,unsigned int,unsigned int,unsigned __int64,unsigned short,struct _GUID const *,struct _GUID const *)" (?FireEtwPrvSetGCHandle@@YAIPEBX0II_KGPEBU_GUID@@2@Z)，函数 "public: virtual void __cdecl GCToCLREventSink::FirePrvSetGCHandle(void *,void *,unsigned int,unsigned int)" (?FirePrvSetGCHandle@GCToCLREventSink@@UEAAXPEAX0II@Z) 中引用了该符号
Runtime.WorkstationGC.lib(gctoclreventsink.cpp.obj) : error LNK2019: 无法解析的外部符号 "unsigned int __cdecl FireEtwPrvDestroyGCHandle(void const *,unsigned short,struct _GUID const *,struct _GUID const *)" (?FireEtwPrvDestroyGCHandle@@YAIPEBXGPEBU_GUID@@1@Z)，函数 "public: virtual void __cdecl GCToCLREventSink::FirePrvDestroyGCHandle(void *)" (?FirePrvDestroyGCHandle@GCToCLREventSink@@UEAAXPEAX@Z) 中引用了该符号
Runtime.WorkstationGC.lib(gctoclreventsink.cpp.obj) : error LNK2019: 无法解析的外部符号 "public: static void __cdecl ETW::GCLog::FireGcStart(union ETW::GCLog::st_GCEventInfo *)" (?FireGcStart@GCLog@ETW@@SAXPEATst_GCEventInfo@12@@Z)，函数 "public: virtual void __cdecl GCToCLREventSink::FireGCStart_V2(unsigned int,unsigned int,unsigned int,unsigned int)" (?FireGCStart_V2@GCToCLREventSink@@UEAAXIIII@Z) 中引用了该符号
C:\Users\gatesgao\RiderProjects\NativeLibrary\x64\Debug\ConsoleApplication1.exe : fatal error LNK1120: 55 个无法解析的外部命令
